2025-06-06 17:42:07 - __main__ - INFO - Initializing database at: test_intel.db
2025-06-06 17:42:07 - __main__ - ERROR - Schema file not found: /Users/mminar/git/infra/schema.sql
2025-06-06 17:42:07 - __main__ - ERROR - Database initialization failed
2025-06-06 17:42:37 - __main__ - INFO - Initializing database at: test_intel.db
2025-06-06 17:42:37 - __main__ - INFO - Current schema version: 0
2025-06-06 17:42:37 - __main__ - INFO - Schema updated to version 1
2025-06-06 17:42:37 - __main__ - INFO - Successfully created tables: sources, posts, embeddings, clusters, post_clusters
2025-06-06 17:42:37 - __main__ - INFO - Database initialization completed successfully
2025-06-06 17:48:53 - __main__ - INFO - Initializing database at: test_intel.db
2025-06-06 17:48:53 - __main__ - INFO - Current schema version: 0
2025-06-06 17:48:53 - __main__ - INFO - Schema updated to version 1
2025-06-06 17:48:53 - __main__ - INFO - Successfully created tables: sources, posts, embeddings, clusters, post_clusters
2025-06-06 17:48:53 - __main__ - INFO - Database initialization completed successfully
2025-06-06 17:49:12 - test - INFO - Testing models and logging
2025-06-06 18:27:48 - __main__ - INFO - Initializing database at: test_intel_fixed.db
2025-06-06 18:27:48 - __main__ - INFO - Current schema version: 0
2025-06-06 18:27:48 - __main__ - INFO - Schema updated to version 1
2025-06-06 18:27:48 - __main__ - INFO - Successfully created tables: sources, posts, embeddings, clusters, post_clusters
2025-06-06 18:27:48 - __main__ - INFO - Database initialization completed successfully
2025-06-06 18:28:24 - test - INFO - Testing updated models with Pydantic v2 fixes
